[debug] [2025-02-06T19:13:07.351Z] [Firebase Plugin] Activating Firebase extension.
[debug] [2025-02-06T19:13:16.319Z] [Firebase Plugin] VSCode notification server listening on port 40001
[info] [Firebase Plugin] Starting Data Connect toolkit on port 50001
[debug] [2025-02-06T19:13:20.843Z] I0207 00:13:20.832121    4568 control.go:59] [/emulator/dss 03c2] UpdateResources(): done
Schema: sources: schema\schema.gql [1384B] 
Connector "default": sources: connector\queries.gql [1855B] connector\mutations.gql [1163B] 
 {"metadata":{"emulator":{"name":"dataconnect"},"message":"I0207 00:13:20.832121    4568 control.go:59] [/emulator/dss 03c2] UpdateResources(): done\nSchema: sources: schema\\schema.gql [1384B] \nConnector \"default\": sources: connector\\queries.gql [1855B] connector\\mutations.gql [1163B] \n"}}
[debug] [2025-02-06T19:13:20.845Z] Ignoring unsupported arg: auto_download {"metadata":{"emulator":{"name":"dataconnect"},"message":"Ignoring unsupported arg: auto_download"}}
[debug] [2025-02-06T19:13:20.845Z] Ignoring unsupported arg: port {"metadata":{"emulator":{"name":"dataconnect"},"message":"Ignoring unsupported arg: port"}}
[debug] [2025-02-06T19:13:20.846Z] Starting Data Connect Emulator with command {"binary":"C:\\Users\\muzda\\.cache\\firebase\\emulators\\dataconnect-emulator-1.7.7.exe","args":["--logtostderr","-v=2","dev","--listen=localhost:50001","--config_dir=c:\\Users\\muzda\\Desktop\\web\\DSS\\dataconnect","--enable_output_schema_extensions=true","--enable_output_generated_sdk=true"],"optionalArgs":["listen","config_dir","enable_output_schema_extensions","enable_output_generated_sdk"],"joinArgs":true,"shell":false,"port":9399} {"metadata":{"emulator":{"name":"dataconnect"},"message":"Starting Data Connect Emulator with command {\"binary\":\"C:\\\\Users\\\\muzda\\\\.cache\\\\firebase\\\\emulators\\\\dataconnect-emulator-1.7.7.exe\",\"args\":[\"--logtostderr\",\"-v=2\",\"dev\",\"--listen=localhost:50001\",\"--config_dir=c:\\\\Users\\\\muzda\\\\Desktop\\\\web\\\\DSS\\\\dataconnect\",\"--enable_output_schema_extensions=true\",\"--enable_output_generated_sdk=true\"],\"optionalArgs\":[\"listen\",\"config_dir\",\"enable_output_schema_extensions\",\"enable_output_generated_sdk\"],\"joinArgs\":true,\"shell\":false,\"port\":9399}"}}
[info] i  dataconnect: Data Connect Emulator logging to dataconnect-debug.log {"metadata":{"emulator":{"name":"dataconnect"},"message":"Data Connect Emulator logging to \u001b[1mdataconnect-debug.log\u001b[22m"}}
[debug] [2025-02-06T19:13:21.444Z] I0207 00:13:21.003243    1328 load.go:37] Reloading schema and connectors...
I0207 00:13:21.234672    1328 control.go:59] [/emulator/dss 7fec] UpdateResources(): done
Schema: sources: schema\schema.gql [1384B] 
Connector "default": sources: connector\mutations.gql [1163B] connector\queries.gql [1855B] 
I0207 00:13:21.267922    1328 codegen.go:82] [connector "default" javascriptSdk] Generating sources into "c:\\Users\\muzda\\Desktop\\web\\DSS\\dataconnect-generated\\js\\default-connector"
I0207 00:13:21.314460    1328 collector.go:107] schema extensions wrote into "c:\\Users\\muzda\\Desktop\\web\\DSS\\dataconnect\\.dataconnect\\schema"
Generated sources: prelude.gql [65151B] 
I0207 00:13:21.331077    1328 collector.go:107] connector "default" javascriptSdk wrote into "c:\\Users\\muzda\\Desktop\\web\\DSS\\dataconnect-generated\\js\\default-connector"
Generated sources: index.d.ts [261B] esm\index.esm.js [162B] esm\package.json [17B] index.cjs.js [203B] package.json [634B] README.md [2740B] 
I0207 00:13:21.417061    1328 installsdk.go:76] Running command: C:\Program Files\nodejs\npm.cmd install file:dataconnect-generated\js\default-connector
 {"metadata":{"emulator":{"name":"dataconnect"},"message":"I0207 00:13:21.003243    1328 load.go:37] Reloading schema and connectors...\nI0207 00:13:21.234672    1328 control.go:59] [/emulator/dss 7fec] UpdateResources(): done\nSchema: sources: schema\\schema.gql [1384B] \nConnector \"default\": sources: connector\\mutations.gql [1163B] connector\\queries.gql [1855B] \nI0207 00:13:21.267922    1328 codegen.go:82] [connector \"default\" javascriptSdk] Generating sources into \"c:\\\\Users\\\\muzda\\\\Desktop\\\\web\\\\DSS\\\\dataconnect-generated\\\\js\\\\default-connector\"\nI0207 00:13:21.314460    1328 collector.go:107] schema extensions wrote into \"c:\\\\Users\\\\muzda\\\\Desktop\\\\web\\\\DSS\\\\dataconnect\\\\.dataconnect\\\\schema\"\nGenerated sources: prelude.gql [65151B] \nI0207 00:13:21.331077    1328 collector.go:107] connector \"default\" javascriptSdk wrote into \"c:\\\\Users\\\\muzda\\\\Desktop\\\\web\\\\DSS\\\\dataconnect-generated\\\\js\\\\default-connector\"\nGenerated sources: index.d.ts [261B] esm\\index.esm.js [162B] esm\\package.json [17B] index.cjs.js [203B] package.json [634B] README.md [2740B] \nI0207 00:13:21.417061    1328 installsdk.go:76] Running command: C:\\Program Files\\nodejs\\npm.cmd install file:dataconnect-generated\\js\\default-connector\n"}}
[debug] [2025-02-06T19:13:51.472Z] I0207 00:13:51.471635    1328 load.go:115] Finished reloading
 {"metadata":{"emulator":{"name":"dataconnect"},"message":"I0207 00:13:51.471635    1328 load.go:115] Finished reloading\n"}}
[debug] [2025-02-06T19:13:51.515Z] I0207 00:13:51.515032    1328 dev.go:95] Listening on address (HTTP + gRPC): 127.0.0.1:50001
 {"metadata":{"emulator":{"name":"dataconnect"},"message":"I0207 00:13:51.515032    1328 dev.go:95] Listening on address (HTTP + gRPC): 127.0.0.1:50001\n"}}
[debug] [2025-02-07T04:34:02.737Z] [Firebase Plugin] Activating Firebase extension.
[debug] [2025-02-07T04:35:49.291Z] [Firebase Plugin] VSCode notification server listening on port 40001
[info] [Firebase Plugin] Starting Data Connect toolkit on port 50001
[debug] [2025-02-07T04:35:53.903Z] I0207 09:35:53.861986   18404 control.go:59] [/emulator/dss a4fc] UpdateResources(): done
Schema: sources: schema\schema.gql [1384B] 
Connector "default": sources: connector\mutations.gql [1163B] connector\queries.gql [1855B] 
 {"metadata":{"emulator":{"name":"dataconnect"},"message":"I0207 09:35:53.861986   18404 control.go:59] [/emulator/dss a4fc] UpdateResources(): done\nSchema: sources: schema\\schema.gql [1384B] \nConnector \"default\": sources: connector\\mutations.gql [1163B] connector\\queries.gql [1855B] \n"}}
[debug] [2025-02-07T04:35:53.905Z] Ignoring unsupported arg: auto_download {"metadata":{"emulator":{"name":"dataconnect"},"message":"Ignoring unsupported arg: auto_download"}}
[debug] [2025-02-07T04:35:53.906Z] Ignoring unsupported arg: port {"metadata":{"emulator":{"name":"dataconnect"},"message":"Ignoring unsupported arg: port"}}
[debug] [2025-02-07T04:35:53.907Z] Starting Data Connect Emulator with command {"binary":"C:\\Users\\muzda\\.cache\\firebase\\emulators\\dataconnect-emulator-1.7.7.exe","args":["--logtostderr","-v=2","dev","--listen=localhost:50001","--config_dir=c:\\Users\\muzda\\Desktop\\web\\DSS\\dataconnect","--enable_output_schema_extensions=true","--enable_output_generated_sdk=true"],"optionalArgs":["listen","config_dir","enable_output_schema_extensions","enable_output_generated_sdk"],"joinArgs":true,"shell":false,"port":9399} {"metadata":{"emulator":{"name":"dataconnect"},"message":"Starting Data Connect Emulator with command {\"binary\":\"C:\\\\Users\\\\muzda\\\\.cache\\\\firebase\\\\emulators\\\\dataconnect-emulator-1.7.7.exe\",\"args\":[\"--logtostderr\",\"-v=2\",\"dev\",\"--listen=localhost:50001\",\"--config_dir=c:\\\\Users\\\\muzda\\\\Desktop\\\\web\\\\DSS\\\\dataconnect\",\"--enable_output_schema_extensions=true\",\"--enable_output_generated_sdk=true\"],\"optionalArgs\":[\"listen\",\"config_dir\",\"enable_output_schema_extensions\",\"enable_output_generated_sdk\"],\"joinArgs\":true,\"shell\":false,\"port\":9399}"}}
[info] i  dataconnect: Data Connect Emulator logging to dataconnect-debug.log {"metadata":{"emulator":{"name":"dataconnect"},"message":"Data Connect Emulator logging to \u001b[1mdataconnect-debug.log\u001b[22m"}}
[debug] [2025-02-07T04:35:54.279Z] I0207 09:35:54.151277    4932 load.go:37] Reloading schema and connectors...
I0207 09:35:54.263972    4932 control.go:59] [/emulator/dss 9936] UpdateResources(): done
Schema: sources: schema\schema.gql [1384B] 
Connector "default": sources: connector\mutations.gql [1163B] connector\queries.gql [1855B] 
 {"metadata":{"emulator":{"name":"dataconnect"},"message":"I0207 09:35:54.151277    4932 load.go:37] Reloading schema and connectors...\nI0207 09:35:54.263972    4932 control.go:59] [/emulator/dss 9936] UpdateResources(): done\nSchema: sources: schema\\schema.gql [1384B] \nConnector \"default\": sources: connector\\mutations.gql [1163B] connector\\queries.gql [1855B] \n"}}
[debug] [2025-02-07T04:35:54.330Z] I0207 09:35:54.328033    4932 codegen.go:82] [connector "default" javascriptSdk] Generating sources into "c:\\Users\\muzda\\Desktop\\web\\DSS\\dataconnect-generated\\js\\default-connector"
 {"metadata":{"emulator":{"name":"dataconnect"},"message":"I0207 09:35:54.328033    4932 codegen.go:82] [connector \"default\" javascriptSdk] Generating sources into \"c:\\\\Users\\\\muzda\\\\Desktop\\\\web\\\\DSS\\\\dataconnect-generated\\\\js\\\\default-connector\"\n"}}
[debug] [2025-02-07T04:35:54.422Z] I0207 09:35:54.339727    4932 collector.go:107] schema extensions wrote into "c:\\Users\\muzda\\Desktop\\web\\DSS\\dataconnect\\.dataconnect\\schema"
Generated sources: prelude.gql [65151B] 
I0207 09:35:54.368103    4932 collector.go:107] connector "default" javascriptSdk wrote into "c:\\Users\\muzda\\Desktop\\web\\DSS\\dataconnect-generated\\js\\default-connector"
Generated sources: esm\index.esm.js [162B] esm\package.json [17B] index.cjs.js [203B] package.json [634B] README.md [2740B] index.d.ts [261B] 
I0207 09:35:54.387215    4932 installsdk.go:76] Running command: C:\Program Files\nodejs\npm.cmd install file:dataconnect-generated\js\default-connector
 {"metadata":{"emulator":{"name":"dataconnect"},"message":"I0207 09:35:54.339727    4932 collector.go:107] schema extensions wrote into \"c:\\\\Users\\\\muzda\\\\Desktop\\\\web\\\\DSS\\\\dataconnect\\\\.dataconnect\\\\schema\"\nGenerated sources: prelude.gql [65151B] \nI0207 09:35:54.368103    4932 collector.go:107] connector \"default\" javascriptSdk wrote into \"c:\\\\Users\\\\muzda\\\\Desktop\\\\web\\\\DSS\\\\dataconnect-generated\\\\js\\\\default-connector\"\nGenerated sources: esm\\index.esm.js [162B] esm\\package.json [17B] index.cjs.js [203B] package.json [634B] README.md [2740B] index.d.ts [261B] \nI0207 09:35:54.387215    4932 installsdk.go:76] Running command: C:\\Program Files\\nodejs\\npm.cmd install file:dataconnect-generated\\js\\default-connector\n"}}
[debug] [2025-02-07T04:36:05.179Z] I0207 09:36:05.053358    4932 load.go:115] Finished reloading
 {"metadata":{"emulator":{"name":"dataconnect"},"message":"I0207 09:36:05.053358    4932 load.go:115] Finished reloading\n"}}
[debug] [2025-02-07T04:36:05.222Z] I0207 09:36:05.222313    4932 dev.go:95] Listening on address (HTTP + gRPC): 127.0.0.1:50001
 {"metadata":{"emulator":{"name":"dataconnect"},"message":"I0207 09:36:05.222313    4932 dev.go:95] Listening on address (HTTP + gRPC): 127.0.0.1:50001\n"}}
